<?xml version="1.0" encoding="UTF-8"?>
<!DOCTYPE coverage SYSTEM "https://raw.githubusercontent.com/cobertura/cobertura/master/cobertura/src/site/htdocs/xml/coverage-04.dtd">
<coverage line-rate="0.664995442114859" branch-rate="0" lines-covered="1459" lines-valid="2194" branches-covered="0" branches-valid="0" complexity="0" version="3.6.4" timestamp="2024-09-30 13:00:58.270341">
  <sources>
    <source>/__w/phase1b/phase1b/phase1b</source>
  </sources>
  <packages>
    <package name="phase1b" line-rate="0.664995442114859" branch-rate="0" complexity="0">
      <classes>
        <class name="betadiff.R" filename="R/betadiff.R" line-rate="1" branch-rate="0" complexity="0">
          <methods>
            <method name="dbetadiff" signature="" line-rate="1" branch-rate="0" complexity="0">
              <lines>
                <line number="32" hits="114" branch="false"/>
                <line number="33" hits="114" branch="false"/>
                <line number="34" hits="114" branch="false"/>
                <line number="35" hits="114" branch="false"/>
                <line number="37" hits="114" branch="false"/>
                <line number="38" hits="114" branch="false"/>
                <line number="39" hits="114" branch="false"/>
                <line number="41" hits="114" branch="false"/>
                <line number="42" hits="114" branch="false"/>
                <line number="43" hits="114" branch="false"/>
                <line number="45" hits="114" branch="false"/>
                <line number="46" hits="114" branch="false"/>
                <line number="47" hits="114" branch="false"/>
                <line number="48" hits="114" branch="false"/>
                <line number="49" hits="114" branch="false"/>
                <line number="50" hits="114" branch="false"/>
                <line number="52" hits="114" branch="false"/>
                <line number="53" hits="114" branch="false"/>
                <line number="54" hits="114" branch="false"/>
                <line number="55" hits="114" branch="false"/>
                <line number="56" hits="632" branch="false"/>
                <line number="57" hits="632" branch="false"/>
                <line number="59" hits="632" branch="false"/>
                <line number="61" hits="632" branch="false"/>
                <line number="62" hits="632" branch="false"/>
                <line number="63" hits="632" branch="false"/>
                <line number="64" hits="632" branch="false"/>
                <line number="65" hits="632" branch="false"/>
                <line number="68" hits="113" branch="false"/>
                <line number="69" hits="1742" branch="false"/>
                <line number="70" hits="1742" branch="false"/>
                <line number="72" hits="1742" branch="false"/>
                <line number="74" hits="1742" branch="false"/>
                <line number="75" hits="1742" branch="false"/>
                <line number="76" hits="1742" branch="false"/>
                <line number="77" hits="1742" branch="false"/>
                <line number="78" hits="1742" branch="false"/>
                <line number="80" hits="113" branch="false"/>
              </lines>
            </method>
            <method name="pbetadiff" signature="" line-rate="1" branch-rate="0" complexity="0">
              <lines>
                <line number="100" hits="31" branch="false"/>
                <line number="101" hits="31" branch="false"/>
                <line number="102" hits="31" branch="false"/>
                <line number="103" hits="31" branch="false"/>
                <line number="104" hits="31" branch="false"/>
                <line number="105" hits="31" branch="false"/>
                <line number="106" hits="31" branch="false"/>
                <line number="107" hits="31" branch="false"/>
                <line number="108" hits="31" branch="false"/>
              </lines>
            </method>
            <method name="qbetadiff" signature="" line-rate="1" branch-rate="0" complexity="0">
              <lines>
                <line number="127" hits="2" branch="false"/>
                <line number="128" hits="2" branch="false"/>
                <line number="129" hits="2" branch="false"/>
                <line number="130" hits="2" branch="false"/>
                <line number="131" hits="2" branch="false"/>
                <line number="132" hits="2" branch="false"/>
                <line number="133" hits="2" branch="false"/>
                <line number="134" hits="2" branch="false"/>
                <line number="135" hits="2" branch="false"/>
                <line number="136" hits="2" branch="false"/>
                <line number="137" hits="2" branch="false"/>
                <line number="138" hits="2" branch="false"/>
              </lines>
            </method>
          </methods>
          <lines>
            <line number="32" hits="114" branch="false"/>
            <line number="33" hits="114" branch="false"/>
            <line number="34" hits="114" branch="false"/>
            <line number="35" hits="114" branch="false"/>
            <line number="37" hits="114" branch="false"/>
            <line number="38" hits="114" branch="false"/>
            <line number="39" hits="114" branch="false"/>
            <line number="41" hits="114" branch="false"/>
            <line number="42" hits="114" branch="false"/>
            <line number="43" hits="114" branch="false"/>
            <line number="45" hits="114" branch="false"/>
            <line number="46" hits="114" branch="false"/>
            <line number="47" hits="114" branch="false"/>
            <line number="48" hits="114" branch="false"/>
            <line number="49" hits="114" branch="false"/>
            <line number="50" hits="114" branch="false"/>
            <line number="52" hits="114" branch="false"/>
            <line number="53" hits="114" branch="false"/>
            <line number="54" hits="114" branch="false"/>
            <line number="55" hits="114" branch="false"/>
            <line number="56" hits="632" branch="false"/>
            <line number="57" hits="632" branch="false"/>
            <line number="59" hits="632" branch="false"/>
            <line number="61" hits="632" branch="false"/>
            <line number="62" hits="632" branch="false"/>
            <line number="63" hits="632" branch="false"/>
            <line number="64" hits="632" branch="false"/>
            <line number="65" hits="632" branch="false"/>
            <line number="68" hits="113" branch="false"/>
            <line number="69" hits="1742" branch="false"/>
            <line number="70" hits="1742" branch="false"/>
            <line number="72" hits="1742" branch="false"/>
            <line number="74" hits="1742" branch="false"/>
            <line number="75" hits="1742" branch="false"/>
            <line number="76" hits="1742" branch="false"/>
            <line number="77" hits="1742" branch="false"/>
            <line number="78" hits="1742" branch="false"/>
            <line number="80" hits="113" branch="false"/>
            <line number="100" hits="31" branch="false"/>
            <line number="101" hits="31" branch="false"/>
            <line number="102" hits="31" branch="false"/>
            <line number="103" hits="31" branch="false"/>
            <line number="104" hits="31" branch="false"/>
            <line number="105" hits="31" branch="false"/>
            <line number="106" hits="31" branch="false"/>
            <line number="107" hits="31" branch="false"/>
            <line number="108" hits="31" branch="false"/>
            <line number="127" hits="2" branch="false"/>
            <line number="128" hits="2" branch="false"/>
            <line number="129" hits="2" branch="false"/>
            <line number="130" hits="2" branch="false"/>
            <line number="131" hits="2" branch="false"/>
            <line number="132" hits="2" branch="false"/>
            <line number="133" hits="2" branch="false"/>
            <line number="134" hits="2" branch="false"/>
            <line number="135" hits="2" branch="false"/>
            <line number="136" hits="2" branch="false"/>
            <line number="137" hits="2" branch="false"/>
            <line number="138" hits="2" branch="false"/>
          </lines>
        </class>
        <class name="boundsPostprob.R" filename="R/boundsPostprob.R" line-rate="1" branch-rate="0" complexity="0">
          <methods>
            <method name="boundsPostprob" signature="" line-rate="1" branch-rate="0" complexity="0">
              <lines>
                <line number="27" hits="2" branch="false"/>
                <line number="28" hits="2" branch="false"/>
                <line number="29" hits="2" branch="false"/>
                <line number="30" hits="2" branch="false"/>
                <line number="31" hits="2" branch="false"/>
                <line number="32" hits="2" branch="false"/>
                <line number="33" hits="2" branch="false"/>
                <line number="34" hits="2" branch="false"/>
                <line number="35" hits="2" branch="false"/>
                <line number="36" hits="2" branch="false"/>
                <line number="37" hits="2" branch="false"/>
                <line number="38" hits="2" branch="false"/>
                <line number="39" hits="2" branch="false"/>
                <line number="40" hits="2" branch="false"/>
                <line number="41" hits="2" branch="false"/>
                <line number="42" hits="1" branch="false"/>
                <line number="44" hits="2" branch="false"/>
                <line number="45" hits="2" branch="false"/>
                <line number="46" hits="7" branch="false"/>
                <line number="48" hits="7" branch="false"/>
                <line number="49" hits="7" branch="false"/>
                <line number="50" hits="7" branch="false"/>
                <line number="51" hits="48" branch="false"/>
                <line number="52" hits="48" branch="false"/>
                <line number="53" hits="22" branch="false"/>
                <line number="54" hits="22" branch="false"/>
                <line number="56" hits="48" branch="false"/>
                <line number="57" hits="48" branch="false"/>
                <line number="58" hits="7" branch="false"/>
                <line number="59" hits="7" branch="false"/>
                <line number="60" hits="7" branch="false"/>
                <line number="64" hits="7" branch="false"/>
                <line number="65" hits="7" branch="false"/>
                <line number="66" hits="7" branch="false"/>
                <line number="67" hits="7" branch="false"/>
                <line number="68" hits="7" branch="false"/>
                <line number="69" hits="7" branch="false"/>
                <line number="70" hits="7" branch="false"/>
                <line number="71" hits="7" branch="false"/>
                <line number="72" hits="7" branch="false"/>
                <line number="73" hits="7" branch="false"/>
                <line number="74" hits="7" branch="false"/>
                <line number="75" hits="7" branch="false"/>
                <line number="77" hits="2" branch="false"/>
              </lines>
            </method>
          </methods>
          <lines>
            <line number="27" hits="2" branch="false"/>
            <line number="28" hits="2" branch="false"/>
            <line number="29" hits="2" branch="false"/>
            <line number="30" hits="2" branch="false"/>
            <line number="31" hits="2" branch="false"/>
            <line number="32" hits="2" branch="false"/>
            <line number="33" hits="2" branch="false"/>
            <line number="34" hits="2" branch="false"/>
            <line number="35" hits="2" branch="false"/>
            <line number="36" hits="2" branch="false"/>
            <line number="37" hits="2" branch="false"/>
            <line number="38" hits="2" branch="false"/>
            <line number="39" hits="2" branch="false"/>
            <line number="40" hits="2" branch="false"/>
            <line number="41" hits="2" branch="false"/>
            <line number="42" hits="1" branch="false"/>
            <line number="44" hits="2" branch="false"/>
            <line number="45" hits="2" branch="false"/>
            <line number="46" hits="7" branch="false"/>
            <line number="48" hits="7" branch="false"/>
            <line number="49" hits="7" branch="false"/>
            <line number="50" hits="7" branch="false"/>
            <line number="51" hits="48" branch="false"/>
            <line number="52" hits="48" branch="false"/>
            <line number="53" hits="22" branch="false"/>
            <line number="54" hits="22" branch="false"/>
            <line number="56" hits="48" branch="false"/>
            <line number="57" hits="48" branch="false"/>
            <line number="58" hits="7" branch="false"/>
            <line number="59" hits="7" branch="false"/>
            <line number="60" hits="7" branch="false"/>
            <line number="64" hits="7" branch="false"/>
            <line number="65" hits="7" branch="false"/>
            <line number="66" hits="7" branch="false"/>
            <line number="67" hits="7" branch="false"/>
            <line number="68" hits="7" branch="false"/>
            <line number="69" hits="7" branch="false"/>
            <line number="70" hits="7" branch="false"/>
            <line number="71" hits="7" branch="false"/>
            <line number="72" hits="7" branch="false"/>
            <line number="73" hits="7" branch="false"/>
            <line number="74" hits="7" branch="false"/>
            <line number="75" hits="7" branch="false"/>
            <line number="77" hits="2" branch="false"/>
          </lines>
        </class>
        <class name="boundsPredprob.R" filename="R/boundsPredprob.R" line-rate="0" branch-rate="0" complexity="0">
          <methods>
            <method name="boundsPredprob" signature="" line-rate="0" branch-rate="0" complexity="0">
              <lines>
                <line number="36" hits="0" branch="false"/>
                <line number="37" hits="0" branch="false"/>
                <line number="38" hits="0" branch="false"/>
                <line number="39" hits="0" branch="false"/>
                <line number="40" hits="0" branch="false"/>
                <line number="41" hits="0" branch="false"/>
                <line number="42" hits="0" branch="false"/>
                <line number="43" hits="0" branch="false"/>
                <line number="44" hits="0" branch="false"/>
                <line number="46" hits="0" branch="false"/>
                <line number="47" hits="0" branch="false"/>
                <line number="48" hits="0" branch="false"/>
                <line number="49" hits="0" branch="false"/>
                <line number="50" hits="0" branch="false"/>
                <line number="51" hits="0" branch="false"/>
                <line number="53" hits="0" branch="false"/>
                <line number="54" hits="0" branch="false"/>
                <line number="56" hits="0" branch="false"/>
                <line number="60" hits="0" branch="false"/>
                <line number="61" hits="0" branch="false"/>
                <line number="64" hits="0" branch="false"/>
                <line number="65" hits="0" branch="false"/>
                <line number="66" hits="0" branch="false"/>
                <line number="67" hits="0" branch="false"/>
                <line number="69" hits="0" branch="false"/>
                <line number="70" hits="0" branch="false"/>
                <line number="71" hits="0" branch="false"/>
                <line number="73" hits="0" branch="false"/>
              </lines>
            </method>
          </methods>
          <lines>
            <line number="36" hits="0" branch="false"/>
            <line number="37" hits="0" branch="false"/>
            <line number="38" hits="0" branch="false"/>
            <line number="39" hits="0" branch="false"/>
            <line number="40" hits="0" branch="false"/>
            <line number="41" hits="0" branch="false"/>
            <line number="42" hits="0" branch="false"/>
            <line number="43" hits="0" branch="false"/>
            <line number="44" hits="0" branch="false"/>
            <line number="46" hits="0" branch="false"/>
            <line number="47" hits="0" branch="false"/>
            <line number="48" hits="0" branch="false"/>
            <line number="49" hits="0" branch="false"/>
            <line number="50" hits="0" branch="false"/>
            <line number="51" hits="0" branch="false"/>
            <line number="53" hits="0" branch="false"/>
            <line number="54" hits="0" branch="false"/>
            <line number="56" hits="0" branch="false"/>
            <line number="60" hits="0" branch="false"/>
            <line number="61" hits="0" branch="false"/>
            <line number="64" hits="0" branch="false"/>
            <line number="65" hits="0" branch="false"/>
            <line number="66" hits="0" branch="false"/>
            <line number="67" hits="0" branch="false"/>
            <line number="69" hits="0" branch="false"/>
            <line number="70" hits="0" branch="false"/>
            <line number="71" hits="0" branch="false"/>
            <line number="73" hits="0" branch="false"/>
          </lines>
        </class>
        <class name="dbetabinom.R" filename="R/dbetabinom.R" line-rate="0.962962962962963" branch-rate="0" complexity="0">
          <methods>
            <method name="dbetabinom" signature="" line-rate="0.888888888888889" branch-rate="0" complexity="0">
              <lines>
                <line number="25" hits="65638" branch="false"/>
                <line number="26" hits="65637" branch="false"/>
                <line number="27" hits="65637" branch="false"/>
                <line number="28" hits="65637" branch="false"/>
                <line number="29" hits="65637" branch="false"/>
                <line number="30" hits="65637" branch="false"/>
                <line number="31" hits="65637" branch="false"/>
                <line number="32" hits="0" branch="false"/>
                <line number="34" hits="65637" branch="false"/>
              </lines>
            </method>
            <method name="dbetabinomMix" signature="" line-rate="0.833333333333333" branch-rate="0" complexity="0">
              <lines>
                <line number="58" hits="65635" branch="false"/>
                <line number="59" hits="65635" branch="false"/>
                <line number="60" hits="65635" branch="false"/>
                <line number="61" hits="65634" branch="false"/>
                <line number="62" hits="0" branch="false"/>
                <line number="64" hits="65634" branch="false"/>
              </lines>
            </method>
            <method name="h_getBetamixPost" signature="" line-rate="1" branch-rate="0" complexity="0">
              <lines>
                <line number="83" hits="584776" branch="false"/>
                <line number="84" hits="584774" branch="false"/>
                <line number="85" hits="584774" branch="false"/>
                <line number="86" hits="584774" branch="false"/>
                <line number="88" hits="584771" branch="false"/>
                <line number="90" hits="584771" branch="false"/>
                <line number="91" hits="584771" branch="false"/>
                <line number="92" hits="584771" branch="false"/>
                <line number="94" hits="584771" branch="false"/>
                <line number="95" hits="584771" branch="false"/>
                <line number="96" hits="584771" branch="false"/>
                <line number="98" hits="584771" branch="false"/>
                <line number="99" hits="584771" branch="false"/>
                <line number="100" hits="584771" branch="false"/>
                <line number="101" hits="584771" branch="false"/>
                <line number="102" hits="584771" branch="false"/>
                <line number="103" hits="584771" branch="false"/>
              </lines>
            </method>
            <method name="dbetaMix" signature="" line-rate="0.923076923076923" branch-rate="0" complexity="0">
              <lines>
                <line number="124" hits="366220" branch="false"/>
                <line number="125" hits="366220" branch="false"/>
                <line number="126" hits="366219" branch="false"/>
                <line number="127" hits="366219" branch="false"/>
                <line number="129" hits="366219" branch="false"/>
                <line number="130" hits="366219" branch="false"/>
                <line number="131" hits="366219" branch="false"/>
                <line number="132" hits="366219" branch="false"/>
                <line number="133" hits="366219" branch="false"/>
                <line number="134" hits="366219" branch="false"/>
                <line number="135" hits="366219" branch="false"/>
                <line number="136" hits="0" branch="false"/>
                <line number="138" hits="366219" branch="false"/>
              </lines>
            </method>
            <method name="pbetaMix" signature="" line-rate="1" branch-rate="0" complexity="0">
              <lines>
                <line number="167" hits="7" branch="false"/>
                <line number="168" hits="7" branch="false"/>
                <line number="169" hits="7" branch="false"/>
                <line number="170" hits="7" branch="false"/>
                <line number="171" hits="7" branch="false"/>
              </lines>
            </method>
            <method name=".pbetaMix" signature="" line-rate="1" branch-rate="0" complexity="0">
              <lines>
                <line number="175" hits="1092562" branch="false"/>
                <line number="176" hits="1092562" branch="false"/>
                <line number="177" hits="1092562" branch="false"/>
                <line number="178" hits="1092562" branch="false"/>
                <line number="179" hits="1092562" branch="false"/>
                <line number="180" hits="1092562" branch="false"/>
                <line number="181" hits="1092562" branch="false"/>
              </lines>
            </method>
            <method name="qbetaMix" signature="" line-rate="1" branch-rate="0" complexity="0">
              <lines>
                <line number="205" hits="144669" branch="false"/>
                <line number="206" hits="144669" branch="false"/>
                <line number="207" hits="144669" branch="false"/>
                <line number="208" hits="144669" branch="false"/>
                <line number="210" hits="144669" branch="false"/>
                <line number="211" hits="144669" branch="false"/>
                <line number="213" hits="144669" branch="false"/>
                <line number="215" hits="144669" branch="false"/>
                <line number="216" hits="2" branch="false"/>
                <line number="217" hits="144669" branch="false"/>
                <line number="218" hits="144669" branch="false"/>
                <line number="219" hits="144666" branch="false"/>
                <line number="220" hits="144669" branch="false"/>
                <line number="222" hits="144669" branch="false"/>
                <line number="223" hits="144669" branch="false"/>
                <line number="224" hits="144669" branch="false"/>
                <line number="226" hits="144669" branch="false"/>
                <line number="227" hits="144669" branch="false"/>
                <line number="228" hits="144669" branch="false"/>
                <line number="229" hits="144669" branch="false"/>
                <line number="230" hits="144669" branch="false"/>
                <line number="231" hits="144669" branch="false"/>
                <line number="232" hits="144669" branch="false"/>
                <line number="233" hits="144669" branch="false"/>
              </lines>
            </method>
          </methods>
          <lines>
            <line number="25" hits="65638" branch="false"/>
            <line number="26" hits="65637" branch="false"/>
            <line number="27" hits="65637" branch="false"/>
            <line number="28" hits="65637" branch="false"/>
            <line number="29" hits="65637" branch="false"/>
            <line number="30" hits="65637" branch="false"/>
            <line number="31" hits="65637" branch="false"/>
            <line number="32" hits="0" branch="false"/>
            <line number="34" hits="65637" branch="false"/>
            <line number="58" hits="65635" branch="false"/>
            <line number="59" hits="65635" branch="false"/>
            <line number="60" hits="65635" branch="false"/>
            <line number="61" hits="65634" branch="false"/>
            <line number="62" hits="0" branch="false"/>
            <line number="64" hits="65634" branch="false"/>
            <line number="83" hits="584776" branch="false"/>
            <line number="84" hits="584774" branch="false"/>
            <line number="85" hits="584774" branch="false"/>
            <line number="86" hits="584774" branch="false"/>
            <line number="88" hits="584771" branch="false"/>
            <line number="90" hits="584771" branch="false"/>
            <line number="91" hits="584771" branch="false"/>
            <line number="92" hits="584771" branch="false"/>
            <line number="94" hits="584771" branch="false"/>
            <line number="95" hits="584771" branch="false"/>
            <line number="96" hits="584771" branch="false"/>
            <line number="98" hits="584771" branch="false"/>
            <line number="99" hits="584771" branch="false"/>
            <line number="100" hits="584771" branch="false"/>
            <line number="101" hits="584771" branch="false"/>
            <line number="102" hits="584771" branch="false"/>
            <line number="103" hits="584771" branch="false"/>
            <line number="124" hits="366220" branch="false"/>
            <line number="125" hits="366220" branch="false"/>
            <line number="126" hits="366219" branch="false"/>
            <line number="127" hits="366219" branch="false"/>
            <line number="129" hits="366219" branch="false"/>
            <line number="130" hits="366219" branch="false"/>
            <line number="131" hits="366219" branch="false"/>
            <line number="132" hits="366219" branch="false"/>
            <line number="133" hits="366219" branch="false"/>
            <line number="134" hits="366219" branch="false"/>
            <line number="135" hits="366219" branch="false"/>
            <line number="136" hits="0" branch="false"/>
            <line number="138" hits="366219" branch="false"/>
            <line number="167" hits="7" branch="false"/>
            <line number="168" hits="7" branch="false"/>
            <line number="169" hits="7" branch="false"/>
            <line number="170" hits="7" branch="false"/>
            <line number="171" hits="7" branch="false"/>
            <line number="175" hits="1092562" branch="false"/>
            <line number="176" hits="1092562" branch="false"/>
            <line number="177" hits="1092562" branch="false"/>
            <line number="178" hits="1092562" branch="false"/>
            <line number="179" hits="1092562" branch="false"/>
            <line number="180" hits="1092562" branch="false"/>
            <line number="181" hits="1092562" branch="false"/>
            <line number="205" hits="144669" branch="false"/>
            <line number="206" hits="144669" branch="false"/>
            <line number="207" hits="144669" branch="false"/>
            <line number="208" hits="144669" branch="false"/>
            <line number="210" hits="144669" branch="false"/>
            <line number="211" hits="144669" branch="false"/>
            <line number="213" hits="144669" branch="false"/>
            <line number="215" hits="144669" branch="false"/>
            <line number="216" hits="2" branch="false"/>
            <line number="217" hits="144669" branch="false"/>
            <line number="218" hits="144669" branch="false"/>
            <line number="219" hits="144666" branch="false"/>
            <line number="220" hits="144669" branch="false"/>
            <line number="222" hits="144669" branch="false"/>
            <line number="223" hits="144669" branch="false"/>
            <line number="224" hits="144669" branch="false"/>
            <line number="226" hits="144669" branch="false"/>
            <line number="227" hits="144669" branch="false"/>
            <line number="228" hits="144669" branch="false"/>
            <line number="229" hits="144669" branch="false"/>
            <line number="230" hits="144669" branch="false"/>
            <line number="231" hits="144669" branch="false"/>
            <line number="232" hits="144669" branch="false"/>
            <line number="233" hits="144669" branch="false"/>
          </lines>
        </class>
        <class name="oc2.R" filename="R/oc2.R" line-rate="0" branch-rate="0" complexity="0">
          <methods>
            <method name="oc2" signature="" line-rate="0" branch-rate="0" complexity="0">
              <lines>
                <line number="93" hits="0" branch="false"/>
                <line number="94" hits="0" branch="false"/>
                <line number="95" hits="0" branch="false"/>
                <line number="96" hits="0" branch="false"/>
                <line number="97" hits="0" branch="false"/>
                <line number="98" hits="0" branch="false"/>
                <line number="99" hits="0" branch="false"/>
                <line number="100" hits="0" branch="false"/>
                <line number="101" hits="0" branch="false"/>
                <line number="104" hits="0" branch="false"/>
                <line number="106" hits="0" branch="false"/>
                <line number="108" hits="0" branch="false"/>
                <line number="112" hits="0" branch="false"/>
                <line number="113" hits="0" branch="false"/>
                <line number="118" hits="0" branch="false"/>
                <line number="119" hits="0" branch="false"/>
                <line number="120" hits="0" branch="false"/>
                <line number="121" hits="0" branch="false"/>
                <line number="122" hits="0" branch="false"/>
                <line number="123" hits="0" branch="false"/>
                <line number="124" hits="0" branch="false"/>
                <line number="125" hits="0" branch="false"/>
                <line number="126" hits="0" branch="false"/>
                <line number="128" hits="0" branch="false"/>
                <line number="129" hits="0" branch="false"/>
                <line number="131" hits="0" branch="false"/>
                <line number="132" hits="0" branch="false"/>
                <line number="135" hits="0" branch="false"/>
                <line number="136" hits="0" branch="false"/>
                <line number="139" hits="0" branch="false"/>
                <line number="143" hits="0" branch="false"/>
                <line number="144" hits="0" branch="false"/>
                <line number="148" hits="0" branch="false"/>
                <line number="149" hits="0" branch="false"/>
                <line number="150" hits="0" branch="false"/>
                <line number="151" hits="0" branch="false"/>
                <line number="152" hits="0" branch="false"/>
                <line number="153" hits="0" branch="false"/>
                <line number="155" hits="0" branch="false"/>
                <line number="156" hits="0" branch="false"/>
                <line number="158" hits="0" branch="false"/>
                <line number="160" hits="0" branch="false"/>
                <line number="162" hits="0" branch="false"/>
                <line number="164" hits="0" branch="false"/>
                <line number="165" hits="0" branch="false"/>
                <line number="167" hits="0" branch="false"/>
                <line number="168" hits="0" branch="false"/>
                <line number="169" hits="0" branch="false"/>
                <line number="170" hits="0" branch="false"/>
                <line number="171" hits="0" branch="false"/>
                <line number="175" hits="0" branch="false"/>
                <line number="176" hits="0" branch="false"/>
                <line number="177" hits="0" branch="false"/>
                <line number="178" hits="0" branch="false"/>
                <line number="179" hits="0" branch="false"/>
                <line number="180" hits="0" branch="false"/>
                <line number="181" hits="0" branch="false"/>
                <line number="182" hits="0" branch="false"/>
                <line number="183" hits="0" branch="false"/>
                <line number="186" hits="0" branch="false"/>
                <line number="189" hits="0" branch="false"/>
                <line number="192" hits="0" branch="false"/>
                <line number="196" hits="0" branch="false"/>
                <line number="197" hits="0" branch="false"/>
                <line number="199" hits="0" branch="false"/>
                <line number="200" hits="0" branch="false"/>
                <line number="204" hits="0" branch="false"/>
                <line number="205" hits="0" branch="false"/>
                <line number="206" hits="0" branch="false"/>
                <line number="207" hits="0" branch="false"/>
                <line number="208" hits="0" branch="false"/>
                <line number="209" hits="0" branch="false"/>
                <line number="210" hits="0" branch="false"/>
                <line number="211" hits="0" branch="false"/>
                <line number="212" hits="0" branch="false"/>
                <line number="216" hits="0" branch="false"/>
                <line number="218" hits="0" branch="false"/>
                <line number="219" hits="0" branch="false"/>
                <line number="223" hits="0" branch="false"/>
                <line number="224" hits="0" branch="false"/>
                <line number="225" hits="0" branch="false"/>
                <line number="228" hits="0" branch="false"/>
                <line number="229" hits="0" branch="false"/>
                <line number="231" hits="0" branch="false"/>
                <line number="232" hits="0" branch="false"/>
                <line number="234" hits="0" branch="false"/>
                <line number="235" hits="0" branch="false"/>
                <line number="236" hits="0" branch="false"/>
                <line number="237" hits="0" branch="false"/>
                <line number="238" hits="0" branch="false"/>
                <line number="239" hits="0" branch="false"/>
                <line number="240" hits="0" branch="false"/>
                <line number="241" hits="0" branch="false"/>
                <line number="243" hits="0" branch="false"/>
                <line number="244" hits="0" branch="false"/>
                <line number="246" hits="0" branch="false"/>
                <line number="247" hits="0" branch="false"/>
                <line number="248" hits="0" branch="false"/>
                <line number="249" hits="0" branch="false"/>
                <line number="250" hits="0" branch="false"/>
                <line number="251" hits="0" branch="false"/>
                <line number="252" hits="0" branch="false"/>
                <line number="253" hits="0" branch="false"/>
                <line number="254" hits="0" branch="false"/>
                <line number="255" hits="0" branch="false"/>
                <line number="256" hits="0" branch="false"/>
                <line number="257" hits="0" branch="false"/>
                <line number="258" hits="0" branch="false"/>
                <line number="259" hits="0" branch="false"/>
                <line number="261" hits="0" branch="false"/>
                <line number="262" hits="0" branch="false"/>
                <line number="263" hits="0" branch="false"/>
                <line number="265" hits="0" branch="false"/>
                <line number="266" hits="0" branch="false"/>
                <line number="267" hits="0" branch="false"/>
                <line number="268" hits="0" branch="false"/>
                <line number="269" hits="0" branch="false"/>
                <line number="270" hits="0" branch="false"/>
                <line number="271" hits="0" branch="false"/>
                <line number="272" hits="0" branch="false"/>
                <line number="273" hits="0" branch="false"/>
                <line number="274" hits="0" branch="false"/>
                <line number="275" hits="0" branch="false"/>
                <line number="277" hits="0" branch="false"/>
                <line number="278" hits="0" branch="false"/>
                <line number="280" hits="0" branch="false"/>
                <line number="281" hits="0" branch="false"/>
                <line number="282" hits="0" branch="false"/>
                <line number="283" hits="0" branch="false"/>
                <line number="284" hits="0" branch="false"/>
                <line number="285" hits="0" branch="false"/>
                <line number="286" hits="0" branch="false"/>
                <line number="287" hits="0" branch="false"/>
                <line number="288" hits="0" branch="false"/>
                <line number="289" hits="0" branch="false"/>
                <line number="292" hits="0" branch="false"/>
                <line number="293" hits="0" branch="false"/>
                <line number="294" hits="0" branch="false"/>
                <line number="297" hits="0" branch="false"/>
                <line number="298" hits="0" branch="false"/>
                <line number="299" hits="0" branch="false"/>
                <line number="300" hits="0" branch="false"/>
                <line number="301" hits="0" branch="false"/>
                <line number="302" hits="0" branch="false"/>
                <line number="303" hits="0" branch="false"/>
                <line number="304" hits="0" branch="false"/>
                <line number="307" hits="0" branch="false"/>
                <line number="308" hits="0" branch="false"/>
                <line number="309" hits="0" branch="false"/>
                <line number="310" hits="0" branch="false"/>
                <line number="313" hits="0" branch="false"/>
                <line number="314" hits="0" branch="false"/>
                <line number="315" hits="0" branch="false"/>
                <line number="316" hits="0" branch="false"/>
                <line number="317" hits="0" branch="false"/>
                <line number="318" hits="0" branch="false"/>
                <line number="319" hits="0" branch="false"/>
                <line number="320" hits="0" branch="false"/>
                <line number="321" hits="0" branch="false"/>
                <line number="322" hits="0" branch="false"/>
                <line number="323" hits="0" branch="false"/>
                <line number="326" hits="0" branch="false"/>
              </lines>
            </method>
          </methods>
          <lines>
            <line number="93" hits="0" branch="false"/>
            <line number="94" hits="0" branch="false"/>
            <line number="95" hits="0" branch="false"/>
            <line number="96" hits="0" branch="false"/>
            <line number="97" hits="0" branch="false"/>
            <line number="98" hits="0" branch="false"/>
            <line number="99" hits="0" branch="false"/>
            <line number="100" hits="0" branch="false"/>
            <line number="101" hits="0" branch="false"/>
            <line number="104" hits="0" branch="false"/>
            <line number="106" hits="0" branch="false"/>
            <line number="108" hits="0" branch="false"/>
            <line number="112" hits="0" branch="false"/>
            <line number="113" hits="0" branch="false"/>
            <line number="118" hits="0" branch="false"/>
            <line number="119" hits="0" branch="false"/>
            <line number="120" hits="0" branch="false"/>
            <line number="121" hits="0" branch="false"/>
            <line number="122" hits="0" branch="false"/>
            <line number="123" hits="0" branch="false"/>
            <line number="124" hits="0" branch="false"/>
            <line number="125" hits="0" branch="false"/>
            <line number="126" hits="0" branch="false"/>
            <line number="128" hits="0" branch="false"/>
            <line number="129" hits="0" branch="false"/>
            <line number="131" hits="0" branch="false"/>
            <line number="132" hits="0" branch="false"/>
            <line number="135" hits="0" branch="false"/>
            <line number="136" hits="0" branch="false"/>
            <line number="139" hits="0" branch="false"/>
            <line number="143" hits="0" branch="false"/>
            <line number="144" hits="0" branch="false"/>
            <line number="148" hits="0" branch="false"/>
            <line number="149" hits="0" branch="false"/>
            <line number="150" hits="0" branch="false"/>
            <line number="151" hits="0" branch="false"/>
            <line number="152" hits="0" branch="false"/>
            <line number="153" hits="0" branch="false"/>
            <line number="155" hits="0" branch="false"/>
            <line number="156" hits="0" branch="false"/>
            <line number="158" hits="0" branch="false"/>
            <line number="160" hits="0" branch="false"/>
            <line number="162" hits="0" branch="false"/>
            <line number="164" hits="0" branch="false"/>
            <line number="165" hits="0" branch="false"/>
            <line number="167" hits="0" branch="false"/>
            <line number="168" hits="0" branch="false"/>
            <line number="169" hits="0" branch="false"/>
            <line number="170" hits="0" branch="false"/>
            <line number="171" hits="0" branch="false"/>
            <line number="175" hits="0" branch="false"/>
            <line number="176" hits="0" branch="false"/>
            <line number="177" hits="0" branch="false"/>
            <line number="178" hits="0" branch="false"/>
            <line number="179" hits="0" branch="false"/>
            <line number="180" hits="0" branch="false"/>
            <line number="181" hits="0" branch="false"/>
            <line number="182" hits="0" branch="false"/>
            <line number="183" hits="0" branch="false"/>
            <line number="186" hits="0" branch="false"/>
            <line number="189" hits="0" branch="false"/>
            <line number="192" hits="0" branch="false"/>
            <line number="196" hits="0" branch="false"/>
            <line number="197" hits="0" branch="false"/>
            <line number="199" hits="0" branch="false"/>
            <line number="200" hits="0" branch="false"/>
            <line number="204" hits="0" branch="false"/>
            <line number="205" hits="0" branch="false"/>
            <line number="206" hits="0" branch="false"/>
            <line number="207" hits="0" branch="false"/>
            <line number="208" hits="0" branch="false"/>
            <line number="209" hits="0" branch="false"/>
            <line number="210" hits="0" branch="false"/>
            <line number="211" hits="0" branch="false"/>
            <line number="212" hits="0" branch="false"/>
            <line number="216" hits="0" branch="false"/>
            <line number="218" hits="0" branch="false"/>
            <line number="219" hits="0" branch="false"/>
            <line number="223" hits="0" branch="false"/>
            <line number="224" hits="0" branch="false"/>
            <line number="225" hits="0" branch="false"/>
            <line number="228" hits="0" branch="false"/>
            <line number="229" hits="0" branch="false"/>
            <line number="231" hits="0" branch="false"/>
            <line number="232" hits="0" branch="false"/>
            <line number="234" hits="0" branch="false"/>
            <line number="235" hits="0" branch="false"/>
            <line number="236" hits="0" branch="false"/>
            <line number="237" hits="0" branch="false"/>
            <line number="238" hits="0" branch="false"/>
            <line number="239" hits="0" branch="false"/>
            <line number="240" hits="0" branch="false"/>
            <line number="241" hits="0" branch="false"/>
            <line number="243" hits="0" branch="false"/>
            <line number="244" hits="0" branch="false"/>
            <line number="246" hits="0" branch="false"/>
            <line number="247" hits="0" branch="false"/>
            <line number="248" hits="0" branch="false"/>
            <line number="249" hits="0" branch="false"/>
            <line number="250" hits="0" branch="false"/>
            <line number="251" hits="0" branch="false"/>
            <line number="252" hits="0" branch="false"/>
            <line number="253" hits="0" branch="false"/>
            <line number="254" hits="0" branch="false"/>
            <line number="255" hits="0" branch="false"/>
            <line number="256" hits="0" branch="false"/>
            <line number="257" hits="0" branch="false"/>
            <line number="258" hits="0" branch="false"/>
            <line number="259" hits="0" branch="false"/>
            <line number="261" hits="0" branch="false"/>
            <line number="262" hits="0" branch="false"/>
            <line number="263" hits="0" branch="false"/>
            <line number="265" hits="0" branch="false"/>
            <line number="266" hits="0" branch="false"/>
            <line number="267" hits="0" branch="false"/>
            <line number="268" hits="0" branch="false"/>
            <line number="269" hits="0" branch="false"/>
            <line number="270" hits="0" branch="false"/>
            <line number="271" hits="0" branch="false"/>
            <line number="272" hits="0" branch="false"/>
            <line number="273" hits="0" branch="false"/>
            <line number="274" hits="0" branch="false"/>
            <line number="275" hits="0" branch="false"/>
            <line number="277" hits="0" branch="false"/>
            <line number="278" hits="0" branch="false"/>
            <line number="280" hits="0" branch="false"/>
            <line number="281" hits="0" branch="false"/>
            <line number="282" hits="0" branch="false"/>
            <line number="283" hits="0" branch="false"/>
            <line number="284" hits="0" branch="false"/>
            <line number="285" hits="0" branch="false"/>
            <line number="286" hits="0" branch="false"/>
            <line number="287" hits="0" branch="false"/>
            <line number="288" hits="0" branch="false"/>
            <line number="289" hits="0" branch="false"/>
            <line number="292" hits="0" branch="false"/>
            <line number="293" hits="0" branch="false"/>
            <line number="294" hits="0" branch="false"/>
            <line number="297" hits="0" branch="false"/>
            <line number="298" hits="0" branch="false"/>
            <line number="299" hits="0" branch="false"/>
            <line number="300" hits="0" branch="false"/>
            <line number="301" hits="0" branch="false"/>
            <line number="302" hits="0" branch="false"/>
            <line number="303" hits="0" branch="false"/>
            <line number="304" hits="0" branch="false"/>
            <line number="307" hits="0" branch="false"/>
            <line number="308" hits="0" branch="false"/>
            <line number="309" hits="0" branch="false"/>
            <line number="310" hits="0" branch="false"/>
            <line number="313" hits="0" branch="false"/>
            <line number="314" hits="0" branch="false"/>
            <line number="315" hits="0" branch="false"/>
            <line number="316" hits="0" branch="false"/>
            <line number="317" hits="0" branch="false"/>
            <line number="318" hits="0" branch="false"/>
            <line number="319" hits="0" branch="false"/>
            <line number="320" hits="0" branch="false"/>
            <line number="321" hits="0" branch="false"/>
            <line number="322" hits="0" branch="false"/>
            <line number="323" hits="0" branch="false"/>
            <line number="326" hits="0" branch="false"/>
          </lines>
        </class>
        <class name="oc3.R" filename="R/oc3.R" line-rate="0" branch-rate="0" complexity="0">
          <methods>
            <method name="oc3" signature="" line-rate="0" branch-rate="0" complexity="0">
              <lines>
                <line number="91" hits="0" branch="false"/>
                <line number="92" hits="0" branch="false"/>
                <line number="93" hits="0" branch="false"/>
                <line number="94" hits="0" branch="false"/>
                <line number="95" hits="0" branch="false"/>
                <line number="96" hits="0" branch="false"/>
                <line number="99" hits="0" branch="false"/>
                <line number="101" hits="0" branch="false"/>
                <line number="104" hits="0" branch="false"/>
                <line number="108" hits="0" branch="false"/>
                <line number="109" hits="0" branch="false"/>
                <line number="114" hits="0" branch="false"/>
                <line number="115" hits="0" branch="false"/>
                <line number="116" hits="0" branch="false"/>
                <line number="117" hits="0" branch="false"/>
                <line number="118" hits="0" branch="false"/>
                <line number="119" hits="0" branch="false"/>
                <line number="120" hits="0" branch="false"/>
                <line number="122" hits="0" branch="false"/>
                <line number="123" hits="0" branch="false"/>
                <line number="125" hits="0" branch="false"/>
                <line number="126" hits="0" branch="false"/>
                <line number="129" hits="0" branch="false"/>
                <line number="130" hits="0" branch="false"/>
                <line number="134" hits="0" branch="false"/>
                <line number="135" hits="0" branch="false"/>
                <line number="139" hits="0" branch="false"/>
                <line number="140" hits="0" branch="false"/>
                <line number="141" hits="0" branch="false"/>
                <line number="142" hits="0" branch="false"/>
                <line number="143" hits="0" branch="false"/>
                <line number="144" hits="0" branch="false"/>
                <line number="146" hits="0" branch="false"/>
                <line number="147" hits="0" branch="false"/>
                <line number="149" hits="0" branch="false"/>
                <line number="151" hits="0" branch="false"/>
                <line number="153" hits="0" branch="false"/>
                <line number="155" hits="0" branch="false"/>
                <line number="156" hits="0" branch="false"/>
                <line number="158" hits="0" branch="false"/>
                <line number="159" hits="0" branch="false"/>
                <line number="160" hits="0" branch="false"/>
                <line number="161" hits="0" branch="false"/>
                <line number="162" hits="0" branch="false"/>
                <line number="166" hits="0" branch="false"/>
                <line number="167" hits="0" branch="false"/>
                <line number="168" hits="0" branch="false"/>
                <line number="169" hits="0" branch="false"/>
                <line number="170" hits="0" branch="false"/>
                <line number="171" hits="0" branch="false"/>
                <line number="172" hits="0" branch="false"/>
                <line number="173" hits="0" branch="false"/>
                <line number="174" hits="0" branch="false"/>
                <line number="177" hits="0" branch="false"/>
                <line number="180" hits="0" branch="false"/>
                <line number="183" hits="0" branch="false"/>
                <line number="186" hits="0" branch="false"/>
                <line number="190" hits="0" branch="false"/>
                <line number="191" hits="0" branch="false"/>
                <line number="193" hits="0" branch="false"/>
                <line number="194" hits="0" branch="false"/>
                <line number="196" hits="0" branch="false"/>
                <line number="197" hits="0" branch="false"/>
                <line number="200" hits="0" branch="false"/>
                <line number="204" hits="0" branch="false"/>
                <line number="205" hits="0" branch="false"/>
                <line number="206" hits="0" branch="false"/>
                <line number="209" hits="0" branch="false"/>
                <line number="210" hits="0" branch="false"/>
                <line number="212" hits="0" branch="false"/>
                <line number="213" hits="0" branch="false"/>
                <line number="215" hits="0" branch="false"/>
                <line number="216" hits="0" branch="false"/>
                <line number="217" hits="0" branch="false"/>
                <line number="218" hits="0" branch="false"/>
                <line number="219" hits="0" branch="false"/>
                <line number="220" hits="0" branch="false"/>
                <line number="221" hits="0" branch="false"/>
                <line number="223" hits="0" branch="false"/>
                <line number="224" hits="0" branch="false"/>
                <line number="227" hits="0" branch="false"/>
                <line number="228" hits="0" branch="false"/>
                <line number="229" hits="0" branch="false"/>
                <line number="230" hits="0" branch="false"/>
                <line number="231" hits="0" branch="false"/>
                <line number="232" hits="0" branch="false"/>
                <line number="233" hits="0" branch="false"/>
                <line number="234" hits="0" branch="false"/>
                <line number="235" hits="0" branch="false"/>
                <line number="236" hits="0" branch="false"/>
                <line number="237" hits="0" branch="false"/>
                <line number="238" hits="0" branch="false"/>
                <line number="239" hits="0" branch="false"/>
                <line number="240" hits="0" branch="false"/>
                <line number="243" hits="0" branch="false"/>
                <line number="244" hits="0" branch="false"/>
                <line number="245" hits="0" branch="false"/>
                <line number="247" hits="0" branch="false"/>
                <line number="248" hits="0" branch="false"/>
                <line number="249" hits="0" branch="false"/>
                <line number="250" hits="0" branch="false"/>
                <line number="251" hits="0" branch="false"/>
                <line number="252" hits="0" branch="false"/>
                <line number="253" hits="0" branch="false"/>
                <line number="254" hits="0" branch="false"/>
                <line number="255" hits="0" branch="false"/>
                <line number="256" hits="0" branch="false"/>
                <line number="258" hits="0" branch="false"/>
                <line number="259" hits="0" branch="false"/>
                <line number="262" hits="0" branch="false"/>
                <line number="263" hits="0" branch="false"/>
                <line number="264" hits="0" branch="false"/>
                <line number="265" hits="0" branch="false"/>
                <line number="266" hits="0" branch="false"/>
                <line number="267" hits="0" branch="false"/>
                <line number="268" hits="0" branch="false"/>
                <line number="269" hits="0" branch="false"/>
                <line number="270" hits="0" branch="false"/>
                <line number="271" hits="0" branch="false"/>
                <line number="274" hits="0" branch="false"/>
                <line number="275" hits="0" branch="false"/>
                <line number="276" hits="0" branch="false"/>
                <line number="279" hits="0" branch="false"/>
                <line number="280" hits="0" branch="false"/>
                <line number="281" hits="0" branch="false"/>
                <line number="282" hits="0" branch="false"/>
                <line number="283" hits="0" branch="false"/>
                <line number="284" hits="0" branch="false"/>
                <line number="285" hits="0" branch="false"/>
                <line number="286" hits="0" branch="false"/>
                <line number="289" hits="0" branch="false"/>
                <line number="290" hits="0" branch="false"/>
                <line number="291" hits="0" branch="false"/>
                <line number="292" hits="0" branch="false"/>
                <line number="295" hits="0" branch="false"/>
                <line number="296" hits="0" branch="false"/>
                <line number="297" hits="0" branch="false"/>
                <line number="298" hits="0" branch="false"/>
                <line number="299" hits="0" branch="false"/>
                <line number="300" hits="0" branch="false"/>
                <line number="301" hits="0" branch="false"/>
                <line number="302" hits="0" branch="false"/>
                <line number="303" hits="0" branch="false"/>
                <line number="304" hits="0" branch="false"/>
                <line number="305" hits="0" branch="false"/>
                <line number="308" hits="0" branch="false"/>
              </lines>
            </method>
          </methods>
          <lines>
            <line number="91" hits="0" branch="false"/>
            <line number="92" hits="0" branch="false"/>
            <line number="93" hits="0" branch="false"/>
            <line number="94" hits="0" branch="false"/>
            <line number="95" hits="0" branch="false"/>
            <line number="96" hits="0" branch="false"/>
            <line number="99" hits="0" branch="false"/>
            <line number="101" hits="0" branch="false"/>
            <line number="104" hits="0" branch="false"/>
            <line number="108" hits="0" branch="false"/>
            <line number="109" hits="0" branch="false"/>
            <line number="114" hits="0" branch="false"/>
            <line number="115" hits="0" branch="false"/>
            <line number="116" hits="0" branch="false"/>
            <line number="117" hits="0" branch="false"/>
            <line number="118" hits="0" branch="false"/>
            <line number="119" hits="0" branch="false"/>
            <line number="120" hits="0" branch="false"/>
            <line number="122" hits="0" branch="false"/>
            <line number="123" hits="0" branch="false"/>
            <line number="125" hits="0" branch="false"/>
            <line number="126" hits="0" branch="false"/>
            <line number="129" hits="0" branch="false"/>
            <line number="130" hits="0" branch="false"/>
            <line number="134" hits="0" branch="false"/>
            <line number="135" hits="0" branch="false"/>
            <line number="139" hits="0" branch="false"/>
            <line number="140" hits="0" branch="false"/>
            <line number="141" hits="0" branch="false"/>
            <line number="142" hits="0" branch="false"/>
            <line number="143" hits="0" branch="false"/>
            <line number="144" hits="0" branch="false"/>
            <line number="146" hits="0" branch="false"/>
            <line number="147" hits="0" branch="false"/>
            <line number="149" hits="0" branch="false"/>
            <line number="151" hits="0" branch="false"/>
            <line number="153" hits="0" branch="false"/>
            <line number="155" hits="0" branch="false"/>
            <line number="156" hits="0" branch="false"/>
            <line number="158" hits="0" branch="false"/>
            <line number="159" hits="0" branch="false"/>
            <line number="160" hits="0" branch="false"/>
            <line number="161" hits="0" branch="false"/>
            <line number="162" hits="0" branch="false"/>
            <line number="166" hits="0" branch="false"/>
            <line number="167" hits="0" branch="false"/>
            <line number="168" hits="0" branch="false"/>
            <line number="169" hits="0" branch="false"/>
            <line number="170" hits="0" branch="false"/>
            <line number="171" hits="0" branch="false"/>
            <line number="172" hits="0" branch="false"/>
            <line number="173" hits="0" branch="false"/>
            <line number="174" hits="0" branch="false"/>
            <line number="177" hits="0" branch="false"/>
            <line number="180" hits="0" branch="false"/>
            <line number="183" hits="0" branch="false"/>
            <line number="186" hits="0" branch="false"/>
            <line number="190" hits="0" branch="false"/>
            <line number="191" hits="0" branch="false"/>
            <line number="193" hits="0" branch="false"/>
            <line number="194" hits="0" branch="false"/>
            <line number="196" hits="0" branch="false"/>
            <line number="197" hits="0" branch="false"/>
            <line number="200" hits="0" branch="false"/>
            <line number="204" hits="0" branch="false"/>
            <line number="205" hits="0" branch="false"/>
            <line number="206" hits="0" branch="false"/>
            <line number="209" hits="0" branch="false"/>
            <line number="210" hits="0" branch="false"/>
            <line number="212" hits="0" branch="false"/>
            <line number="213" hits="0" branch="false"/>
            <line number="215" hits="0" branch="false"/>
            <line number="216" hits="0" branch="false"/>
            <line number="217" hits="0" branch="false"/>
            <line number="218" hits="0" branch="false"/>
            <line number="219" hits="0" branch="false"/>
            <line number="220" hits="0" branch="false"/>
            <line number="221" hits="0" branch="false"/>
            <line number="223" hits="0" branch="false"/>
            <line number="224" hits="0" branch="false"/>
            <line number="227" hits="0" branch="false"/>
            <line number="228" hits="0" branch="false"/>
            <line number="229" hits="0" branch="false"/>
            <line number="230" hits="0" branch="false"/>
            <line number="231" hits="0" branch="false"/>
            <line number="232" hits="0" branch="false"/>
            <line number="233" hits="0" branch="false"/>
            <line number="234" hits="0" branch="false"/>
            <line number="235" hits="0" branch="false"/>
            <line number="236" hits="0" branch="false"/>
            <line number="237" hits="0" branch="false"/>
            <line number="238" hits="0" branch="false"/>
            <line number="239" hits="0" branch="false"/>
            <line number="240" hits="0" branch="false"/>
            <line number="243" hits="0" branch="false"/>
            <line number="244" hits="0" branch="false"/>
            <line number="245" hits="0" branch="false"/>
            <line number="247" hits="0" branch="false"/>
            <line number="248" hits="0" branch="false"/>
            <line number="249" hits="0" branch="false"/>
            <line number="250" hits="0" branch="false"/>
            <line number="251" hits="0" branch="false"/>
            <line number="252" hits="0" branch="false"/>
            <line number="253" hits="0" branch="false"/>
            <line number="254" hits="0" branch="false"/>
            <line number="255" hits="0" branch="false"/>
            <line number="256" hits="0" branch="false"/>
            <line number="258" hits="0" branch="false"/>
            <line number="259" hits="0" branch="false"/>
            <line number="262" hits="0" branch="false"/>
            <line number="263" hits="0" branch="false"/>
            <line number="264" hits="0" branch="false"/>
            <line number="265" hits="0" branch="false"/>
            <line number="266" hits="0" branch="false"/>
            <line number="267" hits="0" branch="false"/>
            <line number="268" hits="0" branch="false"/>
            <line number="269" hits="0" branch="false"/>
            <line number="270" hits="0" branch="false"/>
            <line number="271" hits="0" branch="false"/>
            <line number="274" hits="0" branch="false"/>
            <line number="275" hits="0" branch="false"/>
            <line number="276" hits="0" branch="false"/>
            <line number="279" hits="0" branch="false"/>
            <line number="280" hits="0" branch="false"/>
            <line number="281" hits="0" branch="false"/>
            <line number="282" hits="0" branch="false"/>
            <line number="283" hits="0" branch="false"/>
            <line number="284" hits="0" branch="false"/>
            <line number="285" hits="0" branch="false"/>
            <line number="286" hits="0" branch="false"/>
            <line number="289" hits="0" branch="false"/>
            <line number="290" hits="0" branch="false"/>
            <line number="291" hits="0" branch="false"/>
            <line number="292" hits="0" branch="false"/>
            <line number="295" hits="0" branch="false"/>
            <line number="296" hits="0" branch="false"/>
            <line number="297" hits="0" branch="false"/>
            <line number="298" hits="0" branch="false"/>
            <line number="299" hits="0" branch="false"/>
            <line number="300" hits="0" branch="false"/>
            <line number="301" hits="0" branch="false"/>
            <line number="302" hits="0" branch="false"/>
            <line number="303" hits="0" branch="false"/>
            <line number="304" hits="0" branch="false"/>
            <line number="305" hits="0" branch="false"/>
            <line number="308" hits="0" branch="false"/>
          </lines>
        </class>
        <class name="ocPostprob.R" filename="R/ocPostprob.R" line-rate="0.95959595959596" branch-rate="0" complexity="0">
          <methods>
            <method name="h_dist0" signature="" line-rate="1" branch-rate="0" complexity="0">
              <lines>
                <line number="14" hits="1571" branch="false"/>
                <line number="15" hits="1569" branch="false"/>
              </lines>
            </method>
            <method name="h_get_distance" signature="" line-rate="1" branch-rate="0" complexity="0">
              <lines>
                <line number="29" hits="1564" branch="false"/>
                <line number="30" hits="1562" branch="false"/>
                <line number="31" hits="1562" branch="false"/>
                <line number="32" hits="1562" branch="false"/>
                <line number="33" hits="1562" branch="false"/>
                <line number="34" hits="1562" branch="false"/>
              </lines>
            </method>
            <method name="h_get_looks" signature="" line-rate="1" branch-rate="0" complexity="0">
              <lines>
                <line number="59" hits="1563" branch="false"/>
                <line number="60" hits="1563" branch="false"/>
                <line number="61" hits="1563" branch="false"/>
                <line number="63" hits="1563" branch="false"/>
                <line number="64" hits="1563" branch="false"/>
                <line number="65" hits="1563" branch="false"/>
                <line number="66" hits="1563" branch="false"/>
                <line number="67" hits="1563" branch="false"/>
                <line number="68" hits="1563" branch="false"/>
              </lines>
            </method>
            <method name="h_get_decision" signature="" line-rate="1" branch-rate="0" complexity="0">
              <lines>
                <line number="100" hits="100001" branch="false"/>
                <line number="101" hits="100001" branch="false"/>
                <line number="102" hits="100001" branch="false"/>
                <line number="103" hits="100001" branch="false"/>
                <line number="104" hits="100001" branch="false"/>
                <line number="105" hits="100001" branch="false"/>
                <line number="106" hits="100001" branch="false"/>
                <line number="107" hits="100001" branch="false"/>
                <line number="108" hits="100001" branch="false"/>
                <line number="110" hits="100001" branch="false"/>
                <line number="111" hits="100001" branch="false"/>
                <line number="112" hits="100001" branch="false"/>
                <line number="113" hits="100001" branch="false"/>
                <line number="114" hits="100001" branch="false"/>
                <line number="116" hits="100001" branch="false"/>
                <line number="117" hits="100001" branch="false"/>
                <line number="118" hits="100001" branch="false"/>
                <line number="119" hits="100001" branch="false"/>
                <line number="120" hits="100001" branch="false"/>
                <line number="121" hits="100001" branch="false"/>
                <line number="122" hits="100001" branch="false"/>
                <line number="123" hits="100001" branch="false"/>
                <line number="124" hits="100001" branch="false"/>
                <line number="125" hits="100001" branch="false"/>
                <line number="126" hits="100001" branch="false"/>
                <line number="127" hits="100001" branch="false"/>
                <line number="128" hits="100001" branch="false"/>
                <line number="129" hits="100001" branch="false"/>
                <line number="130" hits="100001" branch="false"/>
                <line number="131" hits="100001" branch="false"/>
                <line number="132" hits="100001" branch="false"/>
              </lines>
            </method>
            <method name="h_get_oc" signature="" line-rate="1" branch-rate="0" complexity="0">
              <lines>
                <line number="160" hits="35" branch="false"/>
                <line number="161" hits="35" branch="false"/>
                <line number="162" hits="35" branch="false"/>
                <line number="163" hits="35" branch="false"/>
                <line number="165" hits="35" branch="false"/>
                <line number="166" hits="35" branch="false"/>
                <line number="167" hits="35" branch="false"/>
                <line number="168" hits="35" branch="false"/>
                <line number="169" hits="35" branch="false"/>
                <line number="170" hits="35" branch="false"/>
                <line number="171" hits="35" branch="false"/>
                <line number="172" hits="35" branch="false"/>
                <line number="173" hits="35" branch="false"/>
                <line number="174" hits="35" branch="false"/>
              </lines>
            </method>
            <method name="ocPostprob" signature="" line-rate="0.891891891891892" branch-rate="0" complexity="0">
              <lines>
                <line number="228" hits="6" branch="false"/>
                <line number="229" hits="6" branch="false"/>
                <line number="230" hits="6" branch="false"/>
                <line number="231" hits="6" branch="false"/>
                <line number="232" hits="6" branch="false"/>
                <line number="233" hits="5" branch="false"/>
                <line number="235" hits="6" branch="false"/>
                <line number="236" hits="6" branch="false"/>
                <line number="237" hits="6" branch="false"/>
                <line number="238" hits="1e+05" branch="false"/>
                <line number="239" hits="0" branch="false"/>
                <line number="240" hits="0" branch="false"/>
                <line number="241" hits="0" branch="false"/>
                <line number="242" hits="0" branch="false"/>
                <line number="244" hits="1e+05" branch="false"/>
                <line number="245" hits="1e+05" branch="false"/>
                <line number="246" hits="1e+05" branch="false"/>
                <line number="248" hits="1e+05" branch="false"/>
                <line number="249" hits="1e+05" branch="false"/>
                <line number="250" hits="1e+05" branch="false"/>
                <line number="251" hits="1e+05" branch="false"/>
                <line number="252" hits="1e+05" branch="false"/>
                <line number="253" hits="1e+05" branch="false"/>
                <line number="254" hits="1e+05" branch="false"/>
                <line number="255" hits="1e+05" branch="false"/>
                <line number="256" hits="1e+05" branch="false"/>
                <line number="258" hits="6" branch="false"/>
                <line number="259" hits="6" branch="false"/>
                <line number="260" hits="6" branch="false"/>
                <line number="261" hits="6" branch="false"/>
                <line number="262" hits="6" branch="false"/>
                <line number="263" hits="6" branch="false"/>
                <line number="264" hits="6" branch="false"/>
                <line number="265" hits="6" branch="false"/>
                <line number="266" hits="6" branch="false"/>
                <line number="267" hits="6" branch="false"/>
                <line number="268" hits="6" branch="false"/>
              </lines>
            </method>
          </methods>
          <lines>
            <line number="14" hits="1571" branch="false"/>
            <line number="15" hits="1569" branch="false"/>
            <line number="29" hits="1564" branch="false"/>
            <line number="30" hits="1562" branch="false"/>
            <line number="31" hits="1562" branch="false"/>
            <line number="32" hits="1562" branch="false"/>
            <line number="33" hits="1562" branch="false"/>
            <line number="34" hits="1562" branch="false"/>
            <line number="59" hits="1563" branch="false"/>
            <line number="60" hits="1563" branch="false"/>
            <line number="61" hits="1563" branch="false"/>
            <line number="63" hits="1563" branch="false"/>
            <line number="64" hits="1563" branch="false"/>
            <line number="65" hits="1563" branch="false"/>
            <line number="66" hits="1563" branch="false"/>
            <line number="67" hits="1563" branch="false"/>
            <line number="68" hits="1563" branch="false"/>
            <line number="100" hits="100001" branch="false"/>
            <line number="101" hits="100001" branch="false"/>
            <line number="102" hits="100001" branch="false"/>
            <line number="103" hits="100001" branch="false"/>
            <line number="104" hits="100001" branch="false"/>
            <line number="105" hits="100001" branch="false"/>
            <line number="106" hits="100001" branch="false"/>
            <line number="107" hits="100001" branch="false"/>
            <line number="108" hits="100001" branch="false"/>
            <line number="110" hits="100001" branch="false"/>
            <line number="111" hits="100001" branch="false"/>
            <line number="112" hits="100001" branch="false"/>
            <line number="113" hits="100001" branch="false"/>
            <line number="114" hits="100001" branch="false"/>
            <line number="116" hits="100001" branch="false"/>
            <line number="117" hits="100001" branch="false"/>
            <line number="118" hits="100001" branch="false"/>
            <line number="119" hits="100001" branch="false"/>
            <line number="120" hits="100001" branch="false"/>
            <line number="121" hits="100001" branch="false"/>
            <line number="122" hits="100001" branch="false"/>
            <line number="123" hits="100001" branch="false"/>
            <line number="124" hits="100001" branch="false"/>
            <line number="125" hits="100001" branch="false"/>
            <line number="126" hits="100001" branch="false"/>
            <line number="127" hits="100001" branch="false"/>
            <line number="128" hits="100001" branch="false"/>
            <line number="129" hits="100001" branch="false"/>
            <line number="130" hits="100001" branch="false"/>
            <line number="131" hits="100001" branch="false"/>
            <line number="132" hits="100001" branch="false"/>
            <line number="160" hits="35" branch="false"/>
            <line number="161" hits="35" branch="false"/>
            <line number="162" hits="35" branch="false"/>
            <line number="163" hits="35" branch="false"/>
            <line number="165" hits="35" branch="false"/>
            <line number="166" hits="35" branch="false"/>
            <line number="167" hits="35" branch="false"/>
            <line number="168" hits="35" branch="false"/>
            <line number="169" hits="35" branch="false"/>
            <line number="170" hits="35" branch="false"/>
            <line number="171" hits="35" branch="false"/>
            <line number="172" hits="35" branch="false"/>
            <line number="173" hits="35" branch="false"/>
            <line number="174" hits="35" branch="false"/>
            <line number="228" hits="6" branch="false"/>
            <line number="229" hits="6" branch="false"/>
            <line number="230" hits="6" branch="false"/>
            <line number="231" hits="6" branch="false"/>
            <line number="232" hits="6" branch="false"/>
            <line number="233" hits="5" branch="false"/>
            <line number="235" hits="6" branch="false"/>
            <line number="236" hits="6" branch="false"/>
            <line number="237" hits="6" branch="false"/>
            <line number="238" hits="1e+05" branch="false"/>
            <line number="239" hits="0" branch="false"/>
            <line number="240" hits="0" branch="false"/>
            <line number="241" hits="0" branch="false"/>
            <line number="242" hits="0" branch="false"/>
            <line number="244" hits="1e+05" branch="false"/>
            <line number="245" hits="1e+05" branch="false"/>
            <line number="246" hits="1e+05" branch="false"/>
            <line number="248" hits="1e+05" branch="false"/>
            <line number="249" hits="1e+05" branch="false"/>
            <line number="250" hits="1e+05" branch="false"/>
            <line number="251" hits="1e+05" branch="false"/>
            <line number="252" hits="1e+05" branch="false"/>
            <line number="253" hits="1e+05" branch="false"/>
            <line number="254" hits="1e+05" branch="false"/>
            <line number="255" hits="1e+05" branch="false"/>
            <line number="256" hits="1e+05" branch="false"/>
            <line number="258" hits="6" branch="false"/>
            <line number="259" hits="6" branch="false"/>
            <line number="260" hits="6" branch="false"/>
            <line number="261" hits="6" branch="false"/>
            <line number="262" hits="6" branch="false"/>
            <line number="263" hits="6" branch="false"/>
            <line number="264" hits="6" branch="false"/>
            <line number="265" hits="6" branch="false"/>
            <line number="266" hits="6" branch="false"/>
            <line number="267" hits="6" branch="false"/>
            <line number="268" hits="6" branch="false"/>
          </lines>
        </class>
        <class name="ocPostprobDist.R" filename="R/ocPostprobDist.R" line-rate="1" branch-rate="0" complexity="0">
          <methods>
            <method name="h_get_decisionDist" signature="" line-rate="1" branch-rate="0" complexity="0">
              <lines>
                <line number="35" hits="303" branch="false"/>
                <line number="36" hits="303" branch="false"/>
                <line number="37" hits="303" branch="false"/>
[...]
                <line number="305" hits="754" branch="false"/>
                <line number="306" hits="754" branch="false"/>
                <line number="307" hits="754" branch="false"/>
                <line number="308" hits="754" branch="false"/>
                <line number="310" hits="756" branch="false"/>
              </lines>
            </method>
          </methods>
          <lines>
            <line number="48" hits="6" branch="false"/>
            <line number="49" hits="6" branch="false"/>
            <line number="50" hits="6" branch="false"/>
            <line number="51" hits="6" branch="false"/>
            <line number="52" hits="6" branch="false"/>
            <line number="53" hits="6" branch="false"/>
            <line number="54" hits="6" branch="false"/>
            <line number="55" hits="6" branch="false"/>
            <line number="56" hits="6" branch="false"/>
            <line number="57" hits="6" branch="false"/>
            <line number="58" hits="6" branch="false"/>
            <line number="59" hits="6" branch="false"/>
            <line number="60" hits="6" branch="false"/>
            <line number="61" hits="6" branch="false"/>
            <line number="62" hits="6" branch="false"/>
            <line number="63" hits="6" branch="false"/>
            <line number="64" hits="6" branch="false"/>
            <line number="65" hits="6" branch="false"/>
            <line number="66" hits="6" branch="false"/>
            <line number="67" hits="6" branch="false"/>
            <line number="68" hits="6" branch="false"/>
            <line number="69" hits="6" branch="false"/>
            <line number="70" hits="6" branch="false"/>
            <line number="71" hits="6" branch="false"/>
            <line number="72" hits="6" branch="false"/>
            <line number="73" hits="6" branch="false"/>
            <line number="74" hits="6" branch="false"/>
            <line number="75" hits="6" branch="false"/>
            <line number="76" hits="6" branch="false"/>
            <line number="115" hits="758" branch="false"/>
            <line number="116" hits="758" branch="false"/>
            <line number="117" hits="758" branch="false"/>
            <line number="118" hits="758" branch="false"/>
            <line number="119" hits="758" branch="false"/>
            <line number="120" hits="758" branch="false"/>
            <line number="121" hits="758" branch="false"/>
            <line number="122" hits="758" branch="false"/>
            <line number="123" hits="758" branch="false"/>
            <line number="124" hits="758" branch="false"/>
            <line number="125" hits="758" branch="false"/>
            <line number="126" hits="758" branch="false"/>
            <line number="127" hits="758" branch="false"/>
            <line number="128" hits="758" branch="false"/>
            <line number="129" hits="758" branch="false"/>
            <line number="130" hits="758" branch="false"/>
            <line number="131" hits="758" branch="false"/>
            <line number="132" hits="758" branch="false"/>
            <line number="133" hits="758" branch="false"/>
            <line number="134" hits="758" branch="false"/>
            <line number="135" hits="758" branch="false"/>
            <line number="136" hits="758" branch="false"/>
            <line number="137" hits="758" branch="false"/>
            <line number="138" hits="758" branch="false"/>
            <line number="139" hits="758" branch="false"/>
            <line number="140" hits="758" branch="false"/>
            <line number="142" hits="758" branch="false"/>
            <line number="143" hits="758" branch="false"/>
            <line number="144" hits="758" branch="false"/>
            <line number="145" hits="758" branch="false"/>
            <line number="146" hits="758" branch="false"/>
            <line number="147" hits="758" branch="false"/>
            <line number="148" hits="758" branch="false"/>
            <line number="149" hits="758" branch="false"/>
            <line number="150" hits="758" branch="false"/>
            <line number="151" hits="758" branch="false"/>
            <line number="152" hits="758" branch="false"/>
            <line number="153" hits="758" branch="false"/>
            <line number="154" hits="9244" branch="false"/>
            <line number="155" hits="142352" branch="false"/>
            <line number="156" hits="142352" branch="false"/>
            <line number="157" hits="142352" branch="false"/>
            <line number="158" hits="142352" branch="false"/>
            <line number="159" hits="142352" branch="false"/>
            <line number="160" hits="142352" branch="false"/>
            <line number="161" hits="142352" branch="false"/>
            <line number="162" hits="142352" branch="false"/>
            <line number="163" hits="142352" branch="false"/>
            <line number="164" hits="142352" branch="false"/>
            <line number="165" hits="142352" branch="false"/>
            <line number="166" hits="142352" branch="false"/>
            <line number="167" hits="142352" branch="false"/>
            <line number="168" hits="142352" branch="false"/>
            <line number="171" hits="758" branch="false"/>
            <line number="172" hits="758" branch="false"/>
            <line number="173" hits="758" branch="false"/>
            <line number="174" hits="758" branch="false"/>
            <line number="175" hits="758" branch="false"/>
            <line number="176" hits="758" branch="false"/>
            <line number="177" hits="758" branch="false"/>
            <line number="178" hits="758" branch="false"/>
            <line number="179" hits="758" branch="false"/>
            <line number="180" hits="758" branch="false"/>
            <line number="181" hits="758" branch="false"/>
            <line number="256" hits="756" branch="false"/>
            <line number="257" hits="756" branch="false"/>
            <line number="258" hits="756" branch="false"/>
            <line number="259" hits="756" branch="false"/>
            <line number="260" hits="756" branch="false"/>
            <line number="261" hits="756" branch="false"/>
            <line number="262" hits="756" branch="false"/>
            <line number="264" hits="756" branch="false"/>
            <line number="265" hits="750" branch="false"/>
            <line number="266" hits="750" branch="false"/>
            <line number="268" hits="756" branch="false"/>
            <line number="269" hits="0" branch="false"/>
            <line number="272" hits="756" branch="false"/>
            <line number="273" hits="752" branch="false"/>
            <line number="274" hits="752" branch="false"/>
            <line number="275" hits="756" branch="false"/>
            <line number="276" hits="756" branch="false"/>
            <line number="277" hits="2" branch="false"/>
            <line number="279" hits="756" branch="false"/>
            <line number="280" hits="2" branch="false"/>
            <line number="281" hits="2" branch="false"/>
            <line number="282" hits="2" branch="false"/>
            <line number="283" hits="2" branch="false"/>
            <line number="284" hits="2" branch="false"/>
            <line number="285" hits="2" branch="false"/>
            <line number="286" hits="2" branch="false"/>
            <line number="287" hits="2" branch="false"/>
            <line number="288" hits="2" branch="false"/>
            <line number="289" hits="2" branch="false"/>
            <line number="290" hits="2" branch="false"/>
            <line number="291" hits="2" branch="false"/>
            <line number="292" hits="2" branch="false"/>
            <line number="294" hits="754" branch="false"/>
            <line number="295" hits="754" branch="false"/>
            <line number="296" hits="754" branch="false"/>
            <line number="297" hits="754" branch="false"/>
            <line number="298" hits="754" branch="false"/>
            <line number="299" hits="754" branch="false"/>
            <line number="300" hits="754" branch="false"/>
            <line number="301" hits="754" branch="false"/>
            <line number="302" hits="754" branch="false"/>
            <line number="303" hits="754" branch="false"/>
            <line number="304" hits="754" branch="false"/>
            <line number="305" hits="754" branch="false"/>
            <line number="306" hits="754" branch="false"/>
            <line number="307" hits="754" branch="false"/>
            <line number="308" hits="754" branch="false"/>
            <line number="310" hits="756" branch="false"/>
          </lines>
        </class>
        <class name="runShinyPhase1b.R" filename="R/runShinyPhase1b.R" line-rate="0" branch-rate="0" complexity="0">
          <methods>
            <method name="runShinyPhase1b" signature="" line-rate="0" branch-rate="0" complexity="0">
              <lines>
                <line number="8" hits="0" branch="false"/>
                <line number="9" hits="0" branch="false"/>
                <line number="10" hits="0" branch="false"/>
                <line number="13" hits="0" branch="false"/>
              </lines>
            </method>
          </methods>
          <lines>
            <line number="8" hits="0" branch="false"/>
            <line number="9" hits="0" branch="false"/>
            <line number="10" hits="0" branch="false"/>
            <line number="13" hits="0" branch="false"/>
          </lines>
        </class>
        <class name="sumbetadiff.R" filename="R/sumbetadiff.R" line-rate="0" branch-rate="0" complexity="0">
          <methods>
            <method name="sumBetadiff" signature="" line-rate="0" branch-rate="0" complexity="0">
              <lines>
                <line number="24" hits="0" branch="false"/>
                <line number="25" hits="0" branch="false"/>
                <line number="26" hits="0" branch="false"/>
                <line number="27" hits="0" branch="false"/>
                <line number="28" hits="0" branch="false"/>
                <line number="29" hits="0" branch="false"/>
                <line number="30" hits="0" branch="false"/>
                <line number="31" hits="0" branch="false"/>
                <line number="32" hits="0" branch="false"/>
                <line number="34" hits="0" branch="false"/>
                <line number="35" hits="0" branch="false"/>
                <line number="36" hits="0" branch="false"/>
                <line number="37" hits="0" branch="false"/>
                <line number="38" hits="0" branch="false"/>
                <line number="40" hits="0" branch="false"/>
                <line number="41" hits="0" branch="false"/>
                <line number="42" hits="0" branch="false"/>
                <line number="43" hits="0" branch="false"/>
                <line number="44" hits="0" branch="false"/>
                <line number="47" hits="0" branch="false"/>
                <line number="48" hits="0" branch="false"/>
                <line number="49" hits="0" branch="false"/>
                <line number="50" hits="0" branch="false"/>
                <line number="51" hits="0" branch="false"/>
                <line number="52" hits="0" branch="false"/>
                <line number="53" hits="0" branch="false"/>
                <line number="54" hits="0" branch="false"/>
                <line number="55" hits="0" branch="false"/>
                <line number="58" hits="0" branch="false"/>
                <line number="59" hits="0" branch="false"/>
                <line number="60" hits="0" branch="false"/>
                <line number="61" hits="0" branch="false"/>
                <line number="62" hits="0" branch="false"/>
                <line number="63" hits="0" branch="false"/>
                <line number="64" hits="0" branch="false"/>
                <line number="65" hits="0" branch="false"/>
                <line number="66" hits="0" branch="false"/>
                <line number="68" hits="0" branch="false"/>
                <line number="69" hits="0" branch="false"/>
                <line number="70" hits="0" branch="false"/>
                <line number="71" hits="0" branch="false"/>
                <line number="72" hits="0" branch="false"/>
                <line number="73" hits="0" branch="false"/>
                <line number="74" hits="0" branch="false"/>
                <line number="75" hits="0" branch="false"/>
                <line number="76" hits="0" branch="false"/>
                <line number="79" hits="0" branch="false"/>
                <line number="80" hits="0" branch="false"/>
                <line number="81" hits="0" branch="false"/>
                <line number="83" hits="0" branch="false"/>
                <line number="84" hits="0" branch="false"/>
                <line number="86" hits="0" branch="false"/>
                <line number="87" hits="0" branch="false"/>
                <line number="89" hits="0" branch="false"/>
                <line number="90" hits="0" branch="false"/>
                <line number="91" hits="0" branch="false"/>
                <line number="93" hits="0" branch="false"/>
                <line number="94" hits="0" branch="false"/>
                <line number="95" hits="0" branch="false"/>
                <line number="96" hits="0" branch="false"/>
                <line number="97" hits="0" branch="false"/>
                <line number="98" hits="0" branch="false"/>
                <line number="101" hits="0" branch="false"/>
              </lines>
            </method>
          </methods>
          <lines>
            <line number="24" hits="0" branch="false"/>
            <line number="25" hits="0" branch="false"/>
            <line number="26" hits="0" branch="false"/>
            <line number="27" hits="0" branch="false"/>
            <line number="28" hits="0" branch="false"/>
            <line number="29" hits="0" branch="false"/>
            <line number="30" hits="0" branch="false"/>
            <line number="31" hits="0" branch="false"/>
            <line number="32" hits="0" branch="false"/>
            <line number="34" hits="0" branch="false"/>
            <line number="35" hits="0" branch="false"/>
            <line number="36" hits="0" branch="false"/>
            <line number="37" hits="0" branch="false"/>
            <line number="38" hits="0" branch="false"/>
            <line number="40" hits="0" branch="false"/>
            <line number="41" hits="0" branch="false"/>
            <line number="42" hits="0" branch="false"/>
            <line number="43" hits="0" branch="false"/>
            <line number="44" hits="0" branch="false"/>
            <line number="47" hits="0" branch="false"/>
            <line number="48" hits="0" branch="false"/>
            <line number="49" hits="0" branch="false"/>
            <line number="50" hits="0" branch="false"/>
            <line number="51" hits="0" branch="false"/>
            <line number="52" hits="0" branch="false"/>
            <line number="53" hits="0" branch="false"/>
            <line number="54" hits="0" branch="false"/>
            <line number="55" hits="0" branch="false"/>
            <line number="58" hits="0" branch="false"/>
            <line number="59" hits="0" branch="false"/>
            <line number="60" hits="0" branch="false"/>
            <line number="61" hits="0" branch="false"/>
            <line number="62" hits="0" branch="false"/>
            <line number="63" hits="0" branch="false"/>
            <line number="64" hits="0" branch="false"/>
            <line number="65" hits="0" branch="false"/>
            <line number="66" hits="0" branch="false"/>
            <line number="68" hits="0" branch="false"/>
            <line number="69" hits="0" branch="false"/>
            <line number="70" hits="0" branch="false"/>
            <line number="71" hits="0" branch="false"/>
            <line number="72" hits="0" branch="false"/>
            <line number="73" hits="0" branch="false"/>
            <line number="74" hits="0" branch="false"/>
            <line number="75" hits="0" branch="false"/>
            <line number="76" hits="0" branch="false"/>
            <line number="79" hits="0" branch="false"/>
            <line number="80" hits="0" branch="false"/>
            <line number="81" hits="0" branch="false"/>
            <line number="83" hits="0" branch="false"/>
            <line number="84" hits="0" branch="false"/>
            <line number="86" hits="0" branch="false"/>
            <line number="87" hits="0" branch="false"/>
            <line number="89" hits="0" branch="false"/>
            <line number="90" hits="0" branch="false"/>
            <line number="91" hits="0" branch="false"/>
            <line number="93" hits="0" branch="false"/>
            <line number="94" hits="0" branch="false"/>
            <line number="95" hits="0" branch="false"/>
            <line number="96" hits="0" branch="false"/>
            <line number="97" hits="0" branch="false"/>
            <line number="98" hits="0" branch="false"/>
            <line number="101" hits="0" branch="false"/>
          </lines>
        </class>
        <class name="sumTable.R" filename="R/sumTable.R" line-rate="0" branch-rate="0" complexity="0">
          <methods>
            <method name="sumTable" signature="" line-rate="0" branch-rate="0" complexity="0">
              <lines>
                <line number="25" hits="0" branch="false"/>
                <line number="26" hits="0" branch="false"/>
                <line number="27" hits="0" branch="false"/>
                <line number="28" hits="0" branch="false"/>
                <line number="29" hits="0" branch="false"/>
                <line number="30" hits="0" branch="false"/>
                <line number="31" hits="0" branch="false"/>
                <line number="32" hits="0" branch="false"/>
                <line number="33" hits="0" branch="false"/>
                <line number="34" hits="0" branch="false"/>
                <line number="36" hits="0" branch="false"/>
                <line number="37" hits="0" branch="false"/>
                <line number="38" hits="0" branch="false"/>
                <line number="39" hits="0" branch="false"/>
                <line number="41" hits="0" branch="false"/>
                <line number="43" hits="0" branch="false"/>
                <line number="44" hits="0" branch="false"/>
                <line number="45" hits="0" branch="false"/>
                <line number="46" hits="0" branch="false"/>
                <line number="48" hits="0" branch="false"/>
              </lines>
            </method>
          </methods>
          <lines>
            <line number="25" hits="0" branch="false"/>
            <line number="26" hits="0" branch="false"/>
            <line number="27" hits="0" branch="false"/>
            <line number="28" hits="0" branch="false"/>
            <line number="29" hits="0" branch="false"/>
            <line number="30" hits="0" branch="false"/>
            <line number="31" hits="0" branch="false"/>
            <line number="32" hits="0" branch="false"/>
            <line number="33" hits="0" branch="false"/>
            <line number="34" hits="0" branch="false"/>
            <line number="36" hits="0" branch="false"/>
            <line number="37" hits="0" branch="false"/>
            <line number="38" hits="0" branch="false"/>
            <line number="39" hits="0" branch="false"/>
            <line number="41" hits="0" branch="false"/>
            <line number="43" hits="0" branch="false"/>
            <line number="44" hits="0" branch="false"/>
            <line number="45" hits="0" branch="false"/>
            <line number="46" hits="0" branch="false"/>
            <line number="48" hits="0" branch="false"/>
          </lines>
        </class>
      </classes>
    </package>
  </packages>
</coverage>
