<?xml version="1.0" encoding="UTF-8"?>
<testsuites>
  <testsuite name="dbetabinom" timestamp="2023-09-08T14:23:19Z" hostname="b1927a791564" tests="13" skipped="0" failures="0" errors="0" time="0.339">
    <testcase time="0.0539999999999999" classname="dbetabinom" name="dbetabinom_for_every_x_support_is_between_0_and_1"/>
    <testcase time="0.0880000000000001" classname="dbetabinom" name="sum_of_the_dbetabinom_values_over_the_whole_support_for_x_is_1"/>
    <testcase time="0.026" classname="dbetabinom" name="dbetabinom_gives_correct_numeric_result"/>
    <testcase time="0.00700000000000001" classname="dbetabinom" name="dbetabinomMix_gives_a_result_between_0_and_1"/>
    <testcase time="0.0099999999999999" classname="dbetabinom" name="dbetabinomMix_gives_the_correct_numeric_result"/>
    <testcase time="0.011" classname="dbetabinom" name="Sum_of_dbetabinomMix_for_all_x_is_1"/>
    <testcase time="0.01" classname="dbetabinom" name="dbetabinomMix_gives_the_correct_numeric_result"/>
    <testcase time="0.01" classname="dbetabinom" name="pbetaMix_cdf_gives_incrementally_higher_cdf_with_increase_x_support"/>
    <testcase time="0.01" classname="dbetabinom" name="pbetaMix_gives_the_correct_number_result"/>
    <testcase time="0.00900000000000001" classname="dbetabinom" name="The_complement_of_pbetaMix_can_be_derived_with_a_different_lower.tail_flag"/>
    <testcase time="0.012" classname="dbetabinom" name="qbetaMix_gives_the_correct_number_result"/>
    <testcase time="0.013" classname="dbetabinom" name="qbetaMix_gives_the_correct_number_result"/>
    <testcase time="0.079" classname="dbetabinom" name="qbetaMix_gives_a_number_result"/>
  </testsuite>
  <testsuite name="helpers" timestamp="2023-09-08T14:23:19Z" hostname="b1927a791564" tests="4" skipped="0" failures="0" errors="0" time="0.036">
    <testcase time="0.018" classname="helpers" name="logit_works_as_expected"/>
    <testcase time="0.004" classname="helpers" name="logit_works_as_expected"/>
    <testcase time="0.004" classname="helpers" name="logit_works_as_expected"/>
    <testcase time="0.01" classname="helpers" name="logit_gives_expected_value_for_example_value_0.2"/>
  </testsuite>
  <testsuite name="postprob" timestamp="2023-09-08T14:23:19Z" hostname="b1927a791564" tests="5" skipped="0" failures="0" errors="2" time="0.13">
    <testcase time="0.027" classname="postprob" name="postprobOld_gives_the_correct_number_result">
      <error type="error" message="Error in `postprobOld(x = 16, n = 23, p = 0.6, a = 0.6, b = 0.4)`: could not find function &quot;postprobOld&quot; ('test-postprob.R:4:3')">Error in `postprobOld(x = 16, n = 23, p = 0.6, a = 0.6, b = 0.4)`: could not find function "postprobOld"</error>
    </testcase>
    <testcase time="0.0369999999999999" classname="postprob" name="postprobOld_gives_incrementally_higher_cdf_with_increase_x_support">
      <error type="error" message="Error in `postprobOld(x = 10, n = 23, p = 0.6, a = 0.6, b = 0.4)`: could not find function &quot;postprobOld&quot; ('test-postprob.R:9:3')">Error in `postprobOld(x = 10, n = 23, p = 0.6, a = 0.6, b = 0.4)`: could not find function "postprobOld"</error>
    </testcase>
    <testcase time="0.037" classname="postprob" name="postprob_gives_the_correct_number_result"/>
    <testcase time="0.0190000000000001" classname="postprob" name="postprob_gives_the_correct_number_result"/>
    <testcase time="0.00999999999999979" classname="postprob" name="postprob_gives_incrementally_higher_values_with_increased_x"/>
  </testsuite>
</testsuites>
